<?xml version="1.0" encoding="UTF-8"?>
<testng-results skipped="0" failed="0" total="1" passed="1">
  <reporter-output>
  </reporter-output>
  <suite name="Default suite" duration-ms="34309" started-at="2020-08-23T14:33:18Z" finished-at="2020-08-23T14:33:52Z">
    <groups>
    </groups>
    <test name="Default test" duration-ms="34309" started-at="2020-08-23T14:33:18Z" finished-at="2020-08-23T14:33:52Z">
      <class name="testCases.ZestMoneyAssignment">
        <test-method status="PASS" signature="testStartUp()[pri:0, instance:testCases.ZestMoneyAssignment@56f4468b]" name="testStartUp" is-config="true" duration-ms="6758" started-at="2020-08-23T20:03:18Z" finished-at="2020-08-23T20:03:24Z">
          <reporter-output>
          </reporter-output>
        </test-method> <!-- testStartUp -->
        <test-method status="PASS" signature="testCaseOne()[pri:0, instance:testCases.ZestMoneyAssignment@56f4468b]" name="testCaseOne" duration-ms="24638" started-at="2020-08-23T20:03:24Z" finished-at="2020-08-23T20:03:49Z">
          <reporter-output>
          </reporter-output>
        </test-method> <!-- testCaseOne -->
        <test-method status="PASS" signature="testCleanUp()[pri:0, instance:testCases.ZestMoneyAssignment@56f4468b]" name="testCleanUp" is-config="true" duration-ms="2894" started-at="2020-08-23T20:03:49Z" finished-at="2020-08-23T20:03:52Z">
          <reporter-output>
          </reporter-output>
        </test-method> <!-- testCleanUp -->
      </class> <!-- testCases.ZestMoneyAssignment -->
    </test> <!-- Default test -->
  </suite> <!-- Default suite -->
</testng-results>
